# JRE version: Java(TM) SE Runtime Environment (8.0_131-b11) (build 1.8.0_131-b11)
# Java VM: Java HotSpot(TM) 64-Bit Server VM (25.131-b11 mixed mode linux-amd64 compressed oops)
Heap:
 PSYoungGen      total 416256K, used 51687K [0x00000000d8000000, 0x00000000f6300000, 0x0000000100000000)
  eden space 364544K, 0% used [0x00000000d8000000,0x00000000d8000000,0x00000000ee400000)
  from space 51712K, 99% used [0x00000000ee400000,0x00000000f1679f30,0x00000000f1680000)
  to   space 29184K, 0% used [0x00000000f1680000,0x00000000f1680000,0x00000000f3300000)
 ParOldGen       total 188928K, used 188656K [0x0000000088000000, 0x0000000093880000, 0x00000000d8000000)
  object space 188928K, 99% used [0x0000000088000000,0x000000009383c108,0x0000000093880000)
 Metaspace       used 34809K, capacity 36126K, committed 36392K, reserved 1081344K
  class space    used 4198K, capacity 4659K, committed 4736K, reserved 1048576K
GC Heap History (10 events):
Event: 5.868 GC heap after
Heap after GC invocations=10 (full 1):
 PSYoungGen      total 254976K, used 20425K [0x00000000d8000000, 0x00000000ed580000, 0x0000000100000000)
  eden space 234496K, 0% used [0x00000000d8000000,0x00000000d8000000,0x00000000e6500000)
  from space 20480K, 99% used [0x00000000e6500000,0x00000000e78f27a8,0x00000000e7900000)
  to   space 23552K, 0% used [0x00000000ebe80000,0x00000000ebe80000,0x00000000ed580000)
 ParOldGen       total 73216K, used 23272K [0x0000000088000000, 0x000000008c780000, 0x00000000d8000000)
  object space 73216K, 31% used [0x0000000088000000,0x00000000896ba278,0x000000008c780000)
 Metaspace       used 28710K, capacity 29374K, committed 29568K, reserved 1075200K
  class space    used 3457K, capacity 3682K, committed 3712K, reserved 1048576K
}
Event: 6.789 GC heap before
{Heap before GC invocations=11 (full 1):
 PSYoungGen      total 254976K, used 254921K [0x00000000d8000000, 0x00000000ed580000, 0x0000000100000000)
  eden space 234496K, 100% used [0x00000000d8000000,0x00000000e6500000,0x00000000e6500000)
  from space 20480K, 99% used [0x00000000e6500000,0x00000000e78f27a8,0x00000000e7900000)
  to   space 23552K, 0% used [0x00000000ebe80000,0x00000000ebe80000,0x00000000ed580000)
 ParOldGen       total 73216K, used 23272K [0x0000000088000000, 0x000000008c780000, 0x00000000d8000000)
  object space 73216K, 31% used [0x0000000088000000,0x00000000896ba278,0x000000008c780000)
 Metaspace       used 33891K, capacity 35026K, committed 35328K, reserved 1079296K
  class space    used 4103K, capacity 4508K, committed 4608K, reserved 1048576K
Event: 6.805 GC heap after
Heap after GC invocations=11 (full 1):
 PSYoungGen      total 322048K, used 23520K [0x00000000d8000000, 0x00000000ed980000, 0x0000000100000000)
  eden space 298496K, 0% used [0x00000000d8000000,0x00000000d8000000,0x00000000ea380000)
  from space 23552K, 99% used [0x00000000ebe80000,0x00000000ed578308,0x00000000ed580000)
  to   space 27648K, 0% used [0x00000000ea380000,0x00000000ea380000,0x00000000ebe80000)
 ParOldGen       total 73216K, used 26717K [0x0000000088000000, 0x000000008c780000, 0x00000000d8000000)
  object space 73216K, 36% used [0x0000000088000000,0x0000000089a17608,0x000000008c780000)
 Metaspace       used 33891K, capacity 35026K, committed 35328K, reserved 1079296K
  class space    used 4103K, capacity 4508K, committed 4608K, reserved 1048576K
}
Event: 7.140 GC heap before
{Heap before GC invocations=12 (full 1):
 PSYoungGen      total 322048K, used 129574K [0x00000000d8000000, 0x00000000ed980000, 0x0000000100000000)
  eden space 298496K, 35% used [0x00000000d8000000,0x00000000de791800,0x00000000ea380000)
  from space 23552K, 99% used [0x00000000ebe80000,0x00000000ed578308,0x00000000ed580000)
  to   space 27648K, 0% used [0x00000000ea380000,0x00000000ea380000,0x00000000ebe80000)
 ParOldGen       total 73216K, used 26717K [0x0000000088000000, 0x000000008c780000, 0x00000000d8000000)
  object space 73216K, 36% used [0x0000000088000000,0x0000000089a17608,0x000000008c780000)
 Metaspace       used 34116K, capacity 35392K, committed 35496K, reserved 1081344K
  class space    used 4137K, capacity 4590K, committed 4608K, reserved 1048576K
Event: 7.155 GC heap after
Heap after GC invocations=12 (full 1):
 PSYoungGen      total 326144K, used 20747K [0x00000000d8000000, 0x00000000f3300000, 0x0000000100000000)
  eden space 298496K, 0% used [0x00000000d8000000,0x00000000d8000000,0x00000000ea380000)
  from space 27648K, 75% used [0x00000000ea380000,0x00000000eb7c2c00,0x00000000ebe80000)
  to   space 29184K, 0% used [0x00000000f1680000,0x00000000f1680000,0x00000000f3300000)
 ParOldGen       total 73216K, used 26717K [0x0000000088000000, 0x000000008c780000, 0x00000000d8000000)
  object space 73216K, 36% used [0x0000000088000000,0x0000000089a17608,0x000000008c780000)
 Metaspace       used 34116K, capacity 35392K, committed 35496K, reserved 1081344K
  class space    used 4137K, capacity 4590K, committed 4608K, reserved 1048576K
}
Event: 7.155 GC heap before
{Heap before GC invocations=13 (full 2):
 PSYoungGen      total 326144K, used 20747K [0x00000000d8000000, 0x00000000f3300000, 0x0000000100000000)
  eden space 298496K, 0% used [0x00000000d8000000,0x00000000d8000000,0x00000000ea380000)
  from space 27648K, 75% used [0x00000000ea380000,0x00000000eb7c2c00,0x00000000ebe80000)
  to   space 29184K, 0% used [0x00000000f1680000,0x00000000f1680000,0x00000000f3300000)
 ParOldGen       total 73216K, used 26717K [0x0000000088000000, 0x000000008c780000, 0x00000000d8000000)
  object space 73216K, 36% used [0x0000000088000000,0x0000000089a17608,0x000000008c780000)
 Metaspace       used 34116K, capacity 35392K, committed 35496K, reserved 1081344K
  class space    used 4137K, capacity 4590K, committed 4608K, reserved 1048576K
Event: 7.250 GC heap after
Heap after GC invocations=13 (full 2):
 PSYoungGen      total 326144K, used 0K [0x00000000d8000000, 0x00000000f3300000, 0x0000000100000000)
  eden space 298496K, 0% used [0x00000000d8000000,0x00000000d8000000,0x00000000ea380000)
  from space 27648K, 0% used [0x00000000ea380000,0x00000000ea380000,0x00000000ebe80000)
  to   space 29184K, 0% used [0x00000000f1680000,0x00000000f1680000,0x00000000f3300000)
 ParOldGen       total 116224K, used 35090K [0x0000000088000000, 0x000000008f180000, 0x00000000d8000000)
  object space 116224K, 30% used [0x0000000088000000,0x000000008a244a08,0x000000008f180000)
 Metaspace       used 34116K, capacity 35392K, committed 35496K, reserved 1081344K
  class space    used 4137K, capacity 4590K, committed 4608K, reserved 1048576K
}
Event: 9.032 GC heap before
{Heap before GC invocations=14 (full 2):
 PSYoungGen      total 326144K, used 298496K [0x00000000d8000000, 0x00000000f3300000, 0x0000000100000000)
  eden space 298496K, 100% used [0x00000000d8000000,0x00000000ea380000,0x00000000ea380000)
  from space 27648K, 0% used [0x00000000ea380000,0x00000000ea380000,0x00000000ebe80000)
  to   space 29184K, 0% used [0x00000000f1680000,0x00000000f1680000,0x00000000f3300000)
 ParOldGen       total 116224K, used 35090K [0x0000000088000000, 0x000000008f180000, 0x00000000d8000000)
  object space 116224K, 30% used [0x0000000088000000,0x000000008a244a18,0x000000008f180000)
 Metaspace       used 34764K, capacity 36094K, committed 36392K, reserved 1081344K
  class space    used 4193K, capacity 4627K, committed 4736K, reserved 1048576K
Event: 9.068 GC heap after
Heap after GC invocations=14 (full 2):
 PSYoungGen      total 393728K, used 29182K [0x00000000d8000000, 0x00000000f6300000, 0x0000000100000000)
  eden space 364544K, 0% used [0x00000000d8000000,0x00000000d8000000,0x00000000ee400000)
  from space 29184K, 99% used [0x00000000f1680000,0x00000000f32ff950,0x00000000f3300000)
  to   space 51712K, 0% used [0x00000000ee400000,0x00000000ee400000,0x00000000f1680000)
 ParOldGen       total 116224K, used 85926K [0x0000000088000000, 0x000000008f180000, 0x00000000d8000000)
  object space 116224K, 73% used [0x0000000088000000,0x000000008d3e9a48,0x000000008f180000)
 Metaspace       used 34764K, capacity 36094K, committed 36392K, reserved 1081344K
  class space    used 4193K, capacity 4627K, committed 4736K, reserved 1048576K
}
Event: 12.428 GC heap before
{Heap before GC invocations=15 (full 2):
 PSYoungGen      total 393728K, used 393726K [0x00000000d8000000, 0x00000000f6300000, 0x0000000100000000)
  eden space 364544K, 100% used [0x00000000d8000000,0x00000000ee400000,0x00000000ee400000)
  from space 29184K, 99% used [0x00000000f1680000,0x00000000f32ff950,0x00000000f3300000)
  to   space 51712K, 0% used [0x00000000ee400000,0x00000000ee400000,0x00000000f1680000)
 ParOldGen       total 116224K, used 85929K [0x0000000088000000, 0x000000008f180000, 0x00000000d8000000)
  object space 116224K, 73% used [0x0000000088000000,0x000000008d3ea730,0x000000008f180000)
 Metaspace       used 34809K, capacity 36126K, committed 36392K, reserved 1081344K
  class space    used 4198K, capacity 4659K, committed 4736K, reserved 1048576K

