# JRE version: Java(TM) SE Runtime Environment (8.0_131-b11) (build 1.8.0_131-b11)
# Java VM: Java HotSpot(TM) 64-Bit Server VM (25.131-b11 mixed mode linux-amd64 compressed oops)
Heap:
 PSYoungGen      total 438272K, used 58366K [0x00000000d8000000, 0x00000000fd700000, 0x0000000100000000)
  eden space 379904K, 0% used [0x00000000d8000000,0x00000000d8000000,0x00000000ef300000)
  from space 58368K, 99% used [0x00000000f9e00000,0x00000000fd6ffac0,0x00000000fd700000)
  to   space 20480K, 0% used [0x00000000ef300000,0x00000000ef300000,0x00000000f0700000)
 ParOldGen       total 276480K, used 205340K [0x0000000088000000, 0x0000000098e00000, 0x00000000d8000000)
  object space 276480K, 74% used [0x0000000088000000,0x00000000948873b8,0x0000000098e00000)
 Metaspace       used 34857K, capacity 36190K, committed 36392K, reserved 1081344K
  class space    used 4202K, capacity 4659K, committed 4736K, reserved 1048576K
GC Heap History (10 events):
Event: 5.869 GC heap after
Heap after GC invocations=10 (full 1):
 PSYoungGen      total 310272K, used 12864K [0x00000000d8000000, 0x00000000f2100000, 0x0000000100000000)
  eden space 288768K, 0% used [0x00000000d8000000,0x00000000d8000000,0x00000000e9a00000)
  from space 21504K, 59% used [0x00000000e9a00000,0x00000000ea690168,0x00000000eaf00000)
  to   space 20992K, 0% used [0x00000000f0c80000,0x00000000f0c80000,0x00000000f2100000)
 ParOldGen       total 68608K, used 36881K [0x0000000088000000, 0x000000008c300000, 0x00000000d8000000)
  object space 68608K, 53% used [0x0000000088000000,0x000000008a4045a8,0x000000008c300000)
 Metaspace       used 31313K, capacity 32372K, committed 32640K, reserved 1077248K
  class space    used 3769K, capacity 4111K, committed 4224K, reserved 1048576K
}
Event: 6.687 GC heap before
{Heap before GC invocations=11 (full 1):
 PSYoungGen      total 310272K, used 262792K [0x00000000d8000000, 0x00000000f2100000, 0x0000000100000000)
  eden space 288768K, 86% used [0x00000000d8000000,0x00000000e7412078,0x00000000e9a00000)
  from space 21504K, 59% used [0x00000000e9a00000,0x00000000ea690168,0x00000000eaf00000)
  to   space 20992K, 0% used [0x00000000f0c80000,0x00000000f0c80000,0x00000000f2100000)
 ParOldGen       total 68608K, used 36881K [0x0000000088000000, 0x000000008c300000, 0x00000000d8000000)
  object space 68608K, 53% used [0x0000000088000000,0x000000008a4045a8,0x000000008c300000)
 Metaspace       used 34111K, capacity 35392K, committed 35496K, reserved 1081344K
  class space    used 4138K, capacity 4590K, committed 4608K, reserved 1048576K
Event: 6.697 GC heap after
Heap after GC invocations=11 (full 1):
 PSYoungGen      total 394752K, used 10985K [0x00000000d8000000, 0x00000000f1b00000, 0x0000000100000000)
  eden space 379904K, 0% used [0x00000000d8000000,0x00000000d8000000,0x00000000ef300000)
  from space 14848K, 73% used [0x00000000f0c80000,0x00000000f173a5e0,0x00000000f1b00000)
  to   space 20480K, 0% used [0x00000000ef300000,0x00000000ef300000,0x00000000f0700000)
 ParOldGen       total 68608K, used 37977K [0x0000000088000000, 0x000000008c300000, 0x00000000d8000000)
  object space 68608K, 55% used [0x0000000088000000,0x000000008a5165a8,0x000000008c300000)
 Metaspace       used 34111K, capacity 35392K, committed 35496K, reserved 1081344K
  class space    used 4138K, capacity 4590K, committed 4608K, reserved 1048576K
}
Event: 6.697 GC heap before
{Heap before GC invocations=12 (full 2):
 PSYoungGen      total 394752K, used 10985K [0x00000000d8000000, 0x00000000f1b00000, 0x0000000100000000)
  eden space 379904K, 0% used [0x00000000d8000000,0x00000000d8000000,0x00000000ef300000)
  from space 14848K, 73% used [0x00000000f0c80000,0x00000000f173a5e0,0x00000000f1b00000)
  to   space 20480K, 0% used [0x00000000ef300000,0x00000000ef300000,0x00000000f0700000)
 ParOldGen       total 68608K, used 37977K [0x0000000088000000, 0x000000008c300000, 0x00000000d8000000)
  object space 68608K, 55% used [0x0000000088000000,0x000000008a5165a8,0x000000008c300000)
 Metaspace       used 34111K, capacity 35392K, committed 35496K, reserved 1081344K
  class space    used 4138K, capacity 4590K, committed 4608K, reserved 1048576K
Event: 6.795 GC heap after
Heap after GC invocations=12 (full 2):
 PSYoungGen      total 394752K, used 0K [0x00000000d8000000, 0x00000000f1b00000, 0x0000000100000000)
  eden space 379904K, 0% used [0x00000000d8000000,0x00000000d8000000,0x00000000ef300000)
  from space 14848K, 0% used [0x00000000f0c80000,0x00000000f0c80000,0x00000000f1b00000)
  to   space 20480K, 0% used [0x00000000ef300000,0x00000000ef300000,0x00000000f0700000)
 ParOldGen       total 119296K, used 38038K [0x0000000088000000, 0x000000008f480000, 0x00000000d8000000)
  object space 119296K, 31% used [0x0000000088000000,0x000000008a525880,0x000000008f480000)
 Metaspace       used 34111K, capacity 35392K, committed 35496K, reserved 1081344K
  class space    used 4138K, capacity 4590K, committed 4608K, reserved 1048576K
}
Event: 9.051 GC heap before
{Heap before GC invocations=13 (full 2):
 PSYoungGen      total 394752K, used 379904K [0x00000000d8000000, 0x00000000f1b00000, 0x0000000100000000)
  eden space 379904K, 100% used [0x00000000d8000000,0x00000000ef300000,0x00000000ef300000)
  from space 14848K, 0% used [0x00000000f0c80000,0x00000000f0c80000,0x00000000f1b00000)
  to   space 20480K, 0% used [0x00000000ef300000,0x00000000ef300000,0x00000000f0700000)
 ParOldGen       total 119296K, used 38038K [0x0000000088000000, 0x000000008f480000, 0x00000000d8000000)
  object space 119296K, 31% used [0x0000000088000000,0x000000008a525880,0x000000008f480000)
 Metaspace       used 34759K, capacity 36094K, committed 36392K, reserved 1081344K
  class space    used 4195K, capacity 4627K, committed 4736K, reserved 1048576K
Event: 9.110 GC heap after
Heap after GC invocations=13 (full 2):
 PSYoungGen      total 400384K, used 20451K [0x00000000d8000000, 0x00000000fd700000, 0x0000000100000000)
  eden space 379904K, 0% used [0x00000000d8000000,0x00000000d8000000,0x00000000ef300000)
  from space 20480K, 99% used [0x00000000ef300000,0x00000000f06f8fd0,0x00000000f0700000)
  to   space 58368K, 0% used [0x00000000f9e00000,0x00000000f9e00000,0x00000000fd700000)
 ParOldGen       total 135168K, used 134924K [0x0000000088000000, 0x0000000090400000, 0x00000000d8000000)
  object space 135168K, 99% used [0x0000000088000000,0x00000000903c3230,0x0000000090400000)
 Metaspace       used 34759K, capacity 36094K, committed 36392K, reserved 1081344K
  class space    used 4195K, capacity 4627K, committed 4736K, reserved 1048576K
}
Event: 9.110 GC heap before
{Heap before GC invocations=14 (full 3):
 PSYoungGen      total 400384K, used 20451K [0x00000000d8000000, 0x00000000fd700000, 0x0000000100000000)
  eden space 379904K, 0% used [0x00000000d8000000,0x00000000d8000000,0x00000000ef300000)
  from space 20480K, 99% used [0x00000000ef300000,0x00000000f06f8fd0,0x00000000f0700000)
  to   space 58368K, 0% used [0x00000000f9e00000,0x00000000f9e00000,0x00000000fd700000)
 ParOldGen       total 135168K, used 134924K [0x0000000088000000, 0x0000000090400000, 0x00000000d8000000)
  object space 135168K, 99% used [0x0000000088000000,0x00000000903c3230,0x0000000090400000)
 Metaspace       used 34759K, capacity 36094K, committed 36392K, reserved 1081344K
  class space    used 4195K, capacity 4627K, committed 4736K, reserved 1048576K
Event: 9.310 GC heap after
Heap after GC invocations=14 (full 3):
 PSYoungGen      total 400384K, used 4576K [0x00000000d8000000, 0x00000000fd700000, 0x0000000100000000)
  eden space 379904K, 0% used [0x00000000d8000000,0x00000000d8000000,0x00000000ef300000)
  from space 20480K, 22% used [0x00000000ef300000,0x00000000ef778080,0x00000000f0700000)
  to   space 58368K, 0% used [0x00000000f9e00000,0x00000000f9e00000,0x00000000fd700000)
 ParOldGen       total 276480K, used 133783K [0x0000000088000000, 0x0000000098e00000, 0x00000000d8000000)
  object space 276480K, 48% used [0x0000000088000000,0x00000000902a5d28,0x0000000098e00000)
 Metaspace       used 34759K, capacity 36094K, committed 36392K, reserved 1081344K
  class space    used 4195K, capacity 4627K, committed 4736K, reserved 1048576K
}
Event: 13.198 GC heap before
{Heap before GC invocations=15 (full 3):
 PSYoungGen      total 400384K, used 384480K [0x00000000d8000000, 0x00000000fd700000, 0x0000000100000000)
  eden space 379904K, 100% used [0x00000000d8000000,0x00000000ef300000,0x00000000ef300000)
  from space 20480K, 22% used [0x00000000ef300000,0x00000000ef778080,0x00000000f0700000)
  to   space 58368K, 0% used [0x00000000f9e00000,0x00000000f9e00000,0x00000000fd700000)
 ParOldGen       total 276480K, used 133783K [0x0000000088000000, 0x0000000098e00000, 0x00000000d8000000)
  object space 276480K, 48% used [0x0000000088000000,0x00000000902a5d28,0x0000000098e00000)
 Metaspace       used 34857K, capacity 36190K, committed 36392K, reserved 1081344K
  class space    used 4202K, capacity 4659K, committed 4736K, reserved 1048576K

