# JRE version: Java(TM) SE Runtime Environment (8.0_131-b11) (build 1.8.0_131-b11)
# Java VM: Java HotSpot(TM) 64-Bit Server VM (25.131-b11 mixed mode linux-amd64 compressed oops)
Heap:
 PSYoungGen      total 459264K, used 0K [0x00000000d8000000, 0x0000000100000000, 0x0000000100000000)
  eden space 404992K, 0% used [0x00000000d8000000,0x00000000d8000000,0x00000000f0b80000)
  from space 54272K, 0% used [0x00000000f0b80000,0x00000000f0b80000,0x00000000f4080000)
  to   space 95744K, 0% used [0x00000000fa280000,0x00000000fa280000,0x0000000100000000)
 ParOldGen       total 229888K, used 220832K [0x0000000088000000, 0x0000000096080000, 0x00000000d8000000)
  object space 229888K, 96% used [0x0000000088000000,0x00000000957a8300,0x0000000096080000)
 Metaspace       used 34754K, capacity 36062K, committed 36392K, reserved 1081344K
  class space    used 4197K, capacity 4659K, committed 4736K, reserved 1048576K
GC Heap History (10 events):
Event: 7.501 GC heap after
Heap after GC invocations=12 (full 1):
 PSYoungGen      total 345088K, used 9216K [0x00000000d8000000, 0x00000000f5d00000, 0x0000000100000000)
  eden space 315392K, 0% used [0x00000000d8000000,0x00000000d8000000,0x00000000eb400000)
  from space 29696K, 31% used [0x00000000eb400000,0x00000000ebd00000,0x00000000ed100000)
  to   space 29184K, 0% used [0x00000000f4080000,0x00000000f4080000,0x00000000f5d00000)
 ParOldGen       total 70656K, used 38508K [0x0000000088000000, 0x000000008c500000, 0x00000000d8000000)
  object space 70656K, 54% used [0x0000000088000000,0x000000008a59b358,0x000000008c500000)
 Metaspace       used 34143K, capacity 35392K, committed 35496K, reserved 1081344K
  class space    used 4144K, capacity 4590K, committed 4608K, reserved 1048576K
}
Event: 7.501 GC heap before
{Heap before GC invocations=13 (full 2):
 PSYoungGen      total 345088K, used 9216K [0x00000000d8000000, 0x00000000f5d00000, 0x0000000100000000)
  eden space 315392K, 0% used [0x00000000d8000000,0x00000000d8000000,0x00000000eb400000)
  from space 29696K, 31% used [0x00000000eb400000,0x00000000ebd00000,0x00000000ed100000)
  to   space 29184K, 0% used [0x00000000f4080000,0x00000000f4080000,0x00000000f5d00000)
 ParOldGen       total 70656K, used 38508K [0x0000000088000000, 0x000000008c500000, 0x00000000d8000000)
  object space 70656K, 54% used [0x0000000088000000,0x000000008a59b358,0x000000008c500000)
 Metaspace       used 34143K, capacity 35392K, committed 35496K, reserved 1081344K
  class space    used 4144K, capacity 4590K, committed 4608K, reserved 1048576K
Event: 7.612 GC heap after
Heap after GC invocations=13 (full 2):
 PSYoungGen      total 345088K, used 0K [0x00000000d8000000, 0x00000000f5d00000, 0x0000000100000000)
  eden space 315392K, 0% used [0x00000000d8000000,0x00000000d8000000,0x00000000eb400000)
  from space 29696K, 0% used [0x00000000eb400000,0x00000000eb400000,0x00000000ed100000)
  to   space 29184K, 0% used [0x00000000f4080000,0x00000000f4080000,0x00000000f5d00000)
 ParOldGen       total 112128K, used 34715K [0x0000000088000000, 0x000000008ed80000, 0x00000000d8000000)
  object space 112128K, 30% used [0x0000000088000000,0x000000008a1e6ca8,0x000000008ed80000)
 Metaspace       used 34143K, capacity 35392K, committed 35496K, reserved 1081344K
  class space    used 4144K, capacity 4590K, committed 4608K, reserved 1048576K
}
Event: 9.720 GC heap before
{Heap before GC invocations=14 (full 2):
 PSYoungGen      total 345088K, used 315392K [0x00000000d8000000, 0x00000000f5d00000, 0x0000000100000000)
  eden space 315392K, 100% used [0x00000000d8000000,0x00000000eb400000,0x00000000eb400000)
  from space 29696K, 0% used [0x00000000eb400000,0x00000000eb400000,0x00000000ed100000)
  to   space 29184K, 0% used [0x00000000f4080000,0x00000000f4080000,0x00000000f5d00000)
 ParOldGen       total 112128K, used 34715K [0x0000000088000000, 0x000000008ed80000, 0x00000000d8000000)
  object space 112128K, 30% used [0x0000000088000000,0x000000008a1e6ca8,0x000000008ed80000)
 Metaspace       used 34709K, capacity 36030K, committed 36392K, reserved 1081344K
  class space    used 4192K, capacity 4627K, committed 4736K, reserved 1048576K
Event: 9.780 GC heap after
Heap after GC invocations=14 (full 2):
 PSYoungGen      total 434176K, used 29156K [0x00000000d8000000, 0x00000000f8f80000, 0x0000000100000000)
  eden space 404992K, 0% used [0x00000000d8000000,0x00000000d8000000,0x00000000f0b80000)
  from space 29184K, 99% used [0x00000000f4080000,0x00000000f5cf9010,0x00000000f5d00000)
  to   space 54272K, 0% used [0x00000000f0b80000,0x00000000f0b80000,0x00000000f4080000)
 ParOldGen       total 112128K, used 90840K [0x0000000088000000, 0x000000008ed80000, 0x00000000d8000000)
  object space 112128K, 81% used [0x0000000088000000,0x000000008d8b6060,0x000000008ed80000)
 Metaspace       used 34709K, capacity 36030K, committed 36392K, reserved 1081344K
  class space    used 4192K, capacity 4627K, committed 4736K, reserved 1048576K
}
Event: 9.780 GC heap before
{Heap before GC invocations=15 (full 3):
 PSYoungGen      total 434176K, used 29156K [0x00000000d8000000, 0x00000000f8f80000, 0x0000000100000000)
  eden space 404992K, 0% used [0x00000000d8000000,0x00000000d8000000,0x00000000f0b80000)
  from space 29184K, 99% used [0x00000000f4080000,0x00000000f5cf9010,0x00000000f5d00000)
  to   space 54272K, 0% used [0x00000000f0b80000,0x00000000f0b80000,0x00000000f4080000)
 ParOldGen       total 112128K, used 90840K [0x0000000088000000, 0x000000008ed80000, 0x00000000d8000000)
  object space 112128K, 81% used [0x0000000088000000,0x000000008d8b6060,0x000000008ed80000)
 Metaspace       used 34709K, capacity 36030K, committed 36392K, reserved 1081344K
  class space    used 4192K, capacity 4627K, committed 4736K, reserved 1048576K
Event: 10.021 GC heap after
Heap after GC invocations=15 (full 3):
 PSYoungGen      total 434176K, used 0K [0x00000000d8000000, 0x00000000f8f80000, 0x0000000100000000)
  eden space 404992K, 0% used [0x00000000d8000000,0x00000000d8000000,0x00000000f0b80000)
  from space 29184K, 0% used [0x00000000f4080000,0x00000000f4080000,0x00000000f5d00000)
  to   space 54272K, 0% used [0x00000000f0b80000,0x00000000f0b80000,0x00000000f4080000)
 ParOldGen       total 229888K, used 111894K [0x0000000088000000, 0x0000000096080000, 0x00000000d8000000)
  object space 229888K, 48% used [0x0000000088000000,0x000000008ed45a98,0x0000000096080000)
 Metaspace       used 34709K, capacity 36030K, committed 36392K, reserved 1081344K
  class space    used 4192K, capacity 4627K, committed 4736K, reserved 1048576K
}
Event: 13.848 GC heap before
{Heap before GC invocations=16 (full 3):
 PSYoungGen      total 434176K, used 404992K [0x00000000d8000000, 0x00000000f8f80000, 0x0000000100000000)
  eden space 404992K, 100% used [0x00000000d8000000,0x00000000f0b80000,0x00000000f0b80000)
  from space 29184K, 0% used [0x00000000f4080000,0x00000000f4080000,0x00000000f5d00000)
  to   space 54272K, 0% used [0x00000000f0b80000,0x00000000f0b80000,0x00000000f4080000)
 ParOldGen       total 229888K, used 111894K [0x0000000088000000, 0x0000000096080000, 0x00000000d8000000)
  object space 229888K, 48% used [0x0000000088000000,0x000000008ed45a98,0x0000000096080000)
 Metaspace       used 34754K, capacity 36062K, committed 36392K, reserved 1081344K
  class space    used 4197K, capacity 4659K, committed 4736K, reserved 1048576K
Event: 13.944 GC heap after
Heap after GC invocations=16 (full 3):
 PSYoungGen      total 459264K, used 54241K [0x00000000d8000000, 0x0000000100000000, 0x0000000100000000)
  eden space 404992K, 0% used [0x00000000d8000000,0x00000000d8000000,0x00000000f0b80000)
  from space 54272K, 99% used [0x00000000f0b80000,0x00000000f4078718,0x00000000f4080000)
  to   space 95744K, 0% used [0x00000000fa280000,0x00000000fa280000,0x0000000100000000)
 ParOldGen       total 229888K, used 199779K [0x0000000088000000, 0x0000000096080000, 0x00000000d8000000)
  object space 229888K, 86% used [0x0000000088000000,0x0000000094318c10,0x0000000096080000)
 Metaspace       used 34754K, capacity 36062K, committed 36392K, reserved 1081344K
  class space    used 4197K, capacity 4659K, committed 4736K, reserved 1048576K
}
Event: 13.944 GC heap before
{Heap before GC invocations=17 (full 4):
 PSYoungGen      total 459264K, used 54241K [0x00000000d8000000, 0x0000000100000000, 0x0000000100000000)
  eden space 404992K, 0% used [0x00000000d8000000,0x00000000d8000000,0x00000000f0b80000)
  from space 54272K, 99% used [0x00000000f0b80000,0x00000000f4078718,0x00000000f4080000)
  to   space 95744K, 0% used [0x00000000fa280000,0x00000000fa280000,0x0000000100000000)
 ParOldGen       total 229888K, used 199779K [0x0000000088000000, 0x0000000096080000, 0x00000000d8000000)
  object space 229888K, 86% used [0x0000000088000000,0x0000000094318c10,0x0000000096080000)
 Metaspace       used 34754K, capacity 36062K, committed 36392K, reserved 1081344K
  class space    used 4197K, capacity 4659K, committed 4736K, reserved 1048576K

